<?xml version="1.0" encoding="UTF-8"?>
<!-- Generated by org.testng.reporters.JUnitReportReporter -->
<testsuite hostname="Abisha-PC" name="Alation.SDET.NewTest" tests="1" failures="0" timestamp="5 Aug 2018 13:32:59 GMT" time="621.293" errors="0">
  <testcase name="f" time="621.293" classname="Alation.SDET.NewTest"/>
</testsuite> <!-- Alation.SDET.NewTest -->
